{"level":"ERROR","location":"[get_call:142] fyersModel","message":{"API":"/history","Error":{"code":-16,"message":"Could not authenticate the user","s":"error"}},"timestamp":"2024-04-16 22:22:06,473+0530","service":"FyersAPI"}
{"level":"ERROR","location":"[get_call:142] fyersModel","message":{"API":"/history","Error":{"code":-16,"message":"Could not authenticate the user","s":"error"}},"timestamp":"2024-04-16 22:23:39,564+0530","service":"FyersAPI"}
{"level":"ERROR","location":"[get_call:142] fyersModel","message":{"API":"/history","Error":{"code":-16,"message":"Could not authenticate the user","s":"error"}},"timestamp":"2024-04-16 22:24:18,456+0530","service":"FyersAPI"}
{"level":"ERROR","location":"[get_call:160] fyersModel","message":{"API":"/history","error":"HTTPSConnectionPool(host='api-t1.fyers.in', port=443): Max retries exceeded with url: /data/history?symbol=NSE%3A+RELIANCE-EQ&resolution=1&date_format=0&range_from=1690895316&range_to=1691068173&cont_flag=1 (Caused by NameResolutionError(\"<urllib3.connection.HTTPSConnection object at 0x0000020A31258080>: Failed to resolve 'api-t1.fyers.in' ([Errno 11001] getaddrinfo failed)\"))"},"timestamp":"2024-04-16 22:28:27,647+0530","service":"FyersAPI"}
{"level":"ERROR","location":"[get_call:142] fyersModel","message":{"API":"/history","Error":{"code":-50,"data":{"date_format":"epoch timestamps needed for range_from and range_to since date_format is 0","from":"from range cannot be greater than to range","range_from":"range_from cannot be greater than current date"},"message":"Invalid input","s":"error"}},"timestamp":"2024-04-16 22:29:28,314+0530","service":"FyersAPI"}
{"level":"ERROR","location":"[get_call:142] fyersModel","message":{"API":"/history","Error":{"code":-50,"data":{"range_to":"range_to cannot be 100 days greater than range_from for resolutions 1, 2, 3, 5, 10, 15, 20, 30, 45, 60, 120, 180 and 240"},"message":"Invalid input","s":"error"}},"timestamp":"2024-04-16 22:30:36,221+0530","service":"FyersAPI"}
{"level":"ERROR","location":"[get_call:142] fyersModel","message":{"API":"/history","Error":{"code":-50,"data":{"range_to":"range_to cannot be 100 days greater than range_from for resolutions 1, 2, 3, 5, 10, 15, 20, 30, 45, 60, 120, 180 and 240"},"message":"Invalid input","s":"error"}},"timestamp":"2024-04-16 22:31:37,133+0530","service":"FyersAPI"}
{"level":"ERROR","location":"[get_call:142] fyersModel","message":{"API":"/history","Error":{"code":-50,"data":{"range_to":"range_to cannot be 100 days greater than range_from for resolutions 1, 2, 3, 5, 10, 15, 20, 30, 45, 60, 120, 180 and 240"},"message":"Invalid input","s":"error"}},"timestamp":"2024-04-16 23:39:04,812+0530","service":"FyersAPI"}
{"level":"ERROR","location":"[get_call:142] fyersModel","message":{"API":"/quotes","Error":{"message":"Please provide valid inputs","code":-50,"s":"error"}},"timestamp":"2024-04-17 00:24:36,121+0530","service":"FyersAPI"}
{"level":"ERROR","location":"[get_call:142] fyersModel","message":{"API":"/quotes","Error":{"message":"Please provide valid inputs","code":-50,"s":"error"}},"timestamp":"2024-04-17 00:25:01,941+0530","service":"FyersAPI"}
{"level":"ERROR","location":"[get_call:142] fyersModel","message":{"API":"/quotes","Error":{"message":"Please provide valid inputs","code":-50,"s":"error"}},"timestamp":"2024-04-17 00:26:35,257+0530","service":"FyersAPI"}
{"level":"ERROR","location":"[get_call:142] fyersModel","message":{"API":"/quotes","Error":{"message":"Please provide valid inputs","code":-50,"s":"error"}},"timestamp":"2024-04-17 00:27:14,796+0530","service":"FyersAPI"}
{"level":"ERROR","location":"[get_call:142] fyersModel","message":{"API":"/quotes","Error":{"message":"Please provide valid inputs","code":-50,"s":"error"}},"timestamp":"2024-04-17 00:27:28,757+0530","service":"FyersAPI"}
{"level":"ERROR","location":"[get_call:142] fyersModel","message":{"API":"/quotes","Error":{"message":"Please provide valid inputs","code":-50,"s":"error"}},"timestamp":"2024-04-17 00:28:07,814+0530","service":"FyersAPI"}
{"level":"ERROR","location":"[get_call:142] fyersModel","message":{"API":"/quotes","Error":{"message":"Please provide valid inputs","code":-50,"s":"error"}},"timestamp":"2024-04-17 00:29:17,260+0530","service":"FyersAPI"}
{"level":"ERROR","location":"[get_call:142] fyersModel","message":{"API":"/quotes","Error":{"message":"Please provide valid inputs","code":-50,"s":"error"}},"timestamp":"2024-04-17 00:29:26,427+0530","service":"FyersAPI"}
{"level":"ERROR","location":"[get_call:142] fyersModel","message":{"API":"/quotes","Error":{"message":"Please provide valid inputs","code":-50,"s":"error"}},"timestamp":"2024-04-17 00:30:07,596+0530","service":"FyersAPI"}
{"level":"ERROR","location":"[post_call:103] fyersModel","message":{"API":"/orders/sync","error":"HTTPSConnectionPool(host='api-t1.fyers.in', port=443): Max retries exceeded with url: /api/v3/orders/sync (Caused by SSLError(SSLCertVerificationError(1, '[SSL: CERTIFICATE_VERIFY_FAILED] certificate verify failed: self-signed certificate in certificate chain (_ssl.c:1000)')))"},"timestamp":"2024-04-17 08:55:04,299+0530","service":"FyersAPI","taskName":"Task-3"}
{"level":"ERROR","location":"[post_call:85] fyersModel","message":{"API":"/orders/sync","Error":{"code":-50,"message":"productType must be one of the following: \"CNC\", \"MARGIN\", \"INTRADAY\"","s":"error"}},"timestamp":"2024-04-17 09:06:57,486+0530","service":"FyersAPI","taskName":"Task-3"}
{"level":"ERROR","location":"[delete_call:191] fyersModel","message":{"API":"/orders/sync","Error":{"code":-50,"message":"id: String length must be greater than or equal to 1","s":"error"}},"timestamp":"2024-04-17 09:19:47,155+0530","service":"FyersAPI","taskName":"Task-3"}
{"level":"ERROR","location":"[delete_call:191] fyersModel","message":{"API":"/orders/sync","Error":{"code":-51,"message":"invalid order id: order id ayeaga yhaa","s":"error","id":"order id ayeaga yhaa"}},"timestamp":"2024-04-17 09:20:14,780+0530","service":"FyersAPI","taskName":"Task-3"}
{"level":"ERROR","location":"[delete_call:191] fyersModel","message":{"API":"/orders/sync","Error":{"code":-51,"message":"invalid order id: order id ayeaga yhaa","s":"error","id":"order id ayeaga yhaa"}},"timestamp":"2024-04-17 09:35:28,595+0530","service":"FyersAPI","taskName":"Task-3"}
{"level":"ERROR","location":"[post_call:85] fyersModel","message":{"API":"/orders/sync","Error":{"code":-50,"message":"limitPrice does not match: 0","s":"error"}},"timestamp":"2024-04-17 09:37:32,766+0530","service":"FyersAPI","taskName":"Task-3"}
{"level":"ERROR","location":"[post_call:85] fyersModel","message":{"API":"/orders/sync","Error":{"code":-50,"message":"limitPrice does not match: 0","s":"error"}},"timestamp":"2024-04-17 09:37:50,760+0530","service":"FyersAPI","taskName":"Task-3"}
{"level":"ERROR","location":"[post_call:85] fyersModel","message":{"API":"/orders/sync","Error":{"code":-50,"message":"stopPrice does not match: 0","s":"error"}},"timestamp":"2024-04-17 09:38:16,656+0530","service":"FyersAPI","taskName":"Task-3"}
{"level":"ERROR","location":"[post_call:85] fyersModel","message":{"API":"/orders/sync","Error":{"code":-50,"message":"limitPrice does not match: 0","s":"error"}},"timestamp":"2024-04-17 09:38:38,510+0530","service":"FyersAPI","taskName":"Task-3"}
{"level":"ERROR","location":"[post_call:85] fyersModel","message":{"API":"/orders/sync","Error":{"code":-50,"message":"limitPrice does not match: 0","s":"error"}},"timestamp":"2024-04-17 09:38:48,957+0530","service":"FyersAPI","taskName":"Task-3"}
{"level":"ERROR","location":"[post_call:85] fyersModel","message":{"API":"/orders/sync","Error":{"code":-50,"message":"stopPrice does not match: 0","s":"error"}},"timestamp":"2024-04-17 09:40:19,152+0530","service":"FyersAPI","taskName":"Task-3"}
{"level":"ERROR","location":"[post_call:85] fyersModel","message":{"API":"/orders/sync","Error":{"code":-50,"message":"limitPrice: Must be greater than or equal to 0.0025","s":"error"}},"timestamp":"2024-04-17 09:53:22,447+0530","service":"FyersAPI","taskName":"Task-3"}
{"level":"ERROR","location":"[post_call:85] fyersModel","message":{"API":"/orders/sync","Error":{"code":-50,"message":"limitPrice: Must be greater than or equal to 0.0025","s":"error"}},"timestamp":"2024-04-17 09:53:52,151+0530","service":"FyersAPI","taskName":"Task-3"}
{"level":"ERROR","location":"[post_call:85] fyersModel","message":{"API":"/orders/sync","Error":{"code":-50,"message":"limitPrice: Must be greater than or equal to 0.0025","s":"error"}},"timestamp":"2024-04-17 11:03:11,003+0530","service":"FyersAPI","taskName":"Task-3"}
{"level":"ERROR","location":"[post_call:85] fyersModel","message":{"API":"/orders/sync","Error":{"code":-50,"message":"limitPrice: Must be greater than or equal to 0.0025","s":"error"}},"timestamp":"2024-04-17 11:05:24,737+0530","service":"FyersAPI","taskName":"Task-3"}
{"level":"ERROR","location":"[post_call:85] fyersModel","message":{"API":"/orders/sync","Error":{"code":-50,"message":"limitPrice: Must be greater than or equal to 0.0025","s":"error"}},"timestamp":"2024-04-17 11:06:11,016+0530","service":"FyersAPI","taskName":"Task-3"}
{"level":"ERROR","location":"[post_call:85] fyersModel","message":{"API":"/orders/sync","Error":{"code":-50,"message":"limitPrice: Must be greater than or equal to 0.0025","s":"error"}},"timestamp":"2024-04-17 11:06:18,493+0530","service":"FyersAPI","taskName":"Task-3"}
{"level":"ERROR","location":"[post_call:85] fyersModel","message":{"API":"/orders/sync","Error":{"code":-50,"message":"limitPrice: Must be greater than or equal to 0.0025","s":"error"}},"timestamp":"2024-04-17 11:06:25,055+0530","service":"FyersAPI","taskName":"Task-3"}
{"level":"ERROR","location":"[get_call:142] fyersModel","message":{"API":"/history","Error":{"code":-300,"message":"Invalid symbol provided","s":"error"}},"timestamp":"2024-04-27 03:00:11,696+0530","service":"FyersAPI"}
{"level":"ERROR","location":"[get_call:142] fyersModel","message":{"API":"/history","Error":{"code":-300,"message":"Invalid symbol provided","s":"error"}},"timestamp":"2024-04-27 03:00:32,515+0530","service":"FyersAPI"}
